#
# There is insufficient memory for the Java Runtime Environment to continue.
# Native memory allocation (malloc) failed to allocate 1088968 bytes for Chunk::new
# Possible reasons:
#   The system is out of physical RAM or swap space
#   In 32 bit mode, the process size limit was hit
# Possible solutions:
#   Reduce memory load on the system
#   Increase physical memory or swap space
#   Check if swap backing store is full
#   Use 64 bit Java on a 64 bit OS
#   Decrease Java heap size (-Xmx/-Xms)
#   Decrease number of Java threads
#   Decrease Java thread stack sizes (-Xss)
#   Set larger code cache with -XX:ReservedCodeCacheSize=
# This output file may be truncated or incomplete.
#
#  Out of Memory Error (allocation.cpp:317), pid=27327, tid=2323643200
#
# JRE version: 6.0_24-b24
# Java VM: OpenJDK Server VM (20.0-b12 mixed mode linux-x86 )
# Derivative: IcedTea6 1.11.4
# Distribution: Ubuntu 12.04 LTS, package 6b24-1.11.4-1ubuntu0.12.04.1

---------------  T H R E A D  ---------------

Current thread (0xb66c3c00):  JavaThread "C2 CompilerThread0" daemon [_thread_in_native, id=27342, stack(0x8a77f000,0x8a800000)]

Stack: [0x8a77f000,0x8a800000]

Current CompileTask:
C2:  70276 660      com.google.gwt.dev.asm.ClassReader.accept(Lcom/google/gwt/dev/asm/ClassVisitor;[Lcom/google/gwt/dev/asm/Attribute;I)V (5485 bytes)


---------------  P R O C E S S  ---------------

Java Threads: ( => current thread )
  0x8ae1b000 JavaThread "Code server for third from Mozilla/5.0 (X11; Linux i686) AppleWebKit/536.11 (KHTML, like Gecko) Ubuntu/12.04 Chromium/20.0.1132.47 Chrome/20.0.1132.47 Safari/536.11 on http://127.0.0.1:8888/Third.html?gwt.codesvr=127.0.0.1:9997 @ .|jFQ=8@ml<|#A%h" daemon [_thread_in_native, id=27424, stack(0x88e5e000,0x88eaf000)]
  0x8a0c3400 JavaThread "btpool0-6" [_thread_blocked, id=27416, stack(0x88eaf000,0x88f00000)]
  0x8a0c2400 JavaThread "btpool0-5" [_thread_blocked, id=27415, stack(0x8900d000,0x8905e000)]
  0x8a0c1c00 JavaThread "btpool0-4" [_thread_blocked, id=27414, stack(0x8905e000,0x890af000)]
  0x8a0c6c00 JavaThread "btpool0-3" [_thread_blocked, id=27413, stack(0x890af000,0x89100000)]
  0x8acfa800 JavaThread "btpool0-2" [_thread_blocked, id=27412, stack(0x89232000,0x89283000)]
  0x8a1d1800 JavaThread "Timer-1" daemon [_thread_blocked, id=27380, stack(0x89283000,0x892d4000)]
  0x8a1d8000 JavaThread "btpool0-1 - Acceptor0 SelectChannelConnector@127.0.0.1:8888" [_thread_in_native, id=27376, stack(0x89bf7000,0x89c48000)]
  0x8a1d2000 JavaThread "btpool0-0" [_thread_blocked, id=27375, stack(0x89cea000,0x89d3b000)]
  0x8a186c00 JavaThread "GC Daemon" daemon [_thread_blocked, id=27372, stack(0x89c99000,0x89cea000)]
  0x8ac9d800 JavaThread "Timer-0" daemon [_thread_blocked, id=27356, stack(0x89b04000,0x89b55000)]
  0x08335c00 JavaThread "com.google.gwt.thirdparty.guava.common.base.internal.Finalizer" daemon [_thread_blocked, id=27355, stack(0x89b55000,0x89ba6000)]
  0x8a166800 JavaThread "Code server listener" daemon [_thread_in_native, id=27354, stack(0x89ba6000,0x89bf7000)]
  0x8a158800 JavaThread "UnitWriteThread" daemon [_thread_blocked, id=27352, stack(0x89c48000,0x89c99000)]
  0x8a12b000 JavaThread "Thread-1" daemon [_thread_blocked, id=27349, stack(0x89d3b000,0x89d8c000)]
  0x8a120400 JavaThread "Thread-0" [_thread_in_native, id=27348, stack(0x8a72e000,0x8a77f000)]
  0xb66c7800 JavaThread "Low Memory Detector" daemon [_thread_blocked, id=27344, stack(0x8a918000,0x8a969000)]
  0xb66c5c00 JavaThread "C2 CompilerThread1" daemon [_thread_in_native, id=27343, stack(0x8a37f000,0x8a400000)]
=>0xb66c3c00 JavaThread "C2 CompilerThread0" daemon [_thread_in_native, id=27342, stack(0x8a77f000,0x8a800000)]
  0xb66c2800 JavaThread "Signal Dispatcher" daemon [_thread_blocked, id=27341, stack(0x8ad2e000,0x8ad7f000)]
  0xb66b3000 JavaThread "Finalizer" daemon [_thread_blocked, id=27340, stack(0x8b02e000,0x8b07f000)]
  0xb66b1800 JavaThread "Reference Handler" daemon [_thread_blocked, id=27339, stack(0x8a969000,0x8a9ba000)]
  0xb6606000 JavaThread "main" [_thread_blocked, id=27333, stack(0xb6782000,0xb67d3000)]

Other Threads:
  0xb66ad800 VMThread [stack: 0x8a9ba000,0x8aa3b000] [id=27338]
  0xb66c9400 WatcherThread [stack: 0x8a2fe000,0x8a37f000] [id=27345]

VM state:not at safepoint (normal execution)

VM Mutex/Monitor currently owned by a thread: None

Heap
 PSYoungGen      total 142144K, used 36633K [0xa8aa0000, 0xb3540000, 0xb3540000)
  eden space 129408K, 28% used [0xa8aa0000,0xaae664e0,0xb0900000)
  from space 12736K, 0% used [0xb0900000,0xb0900000,0xb1570000)
  to   space 24896K, 0% used [0xb1cf0000,0xb1cf0000,0xb3540000)
 PSOldGen        total 95680K, used 56949K [0x93540000, 0x992b0000, 0xa8aa0000)
  object space 95680K, 59% used [0x93540000,0x96cdd4c8,0x992b0000)
 PSPermGen       total 31488K, used 19849K [0x8b540000, 0x8d400000, 0x93540000)
  object space 31488K, 63% used [0x8b540000,0x8c8a2750,0x8d400000)

Code Cache  [0xb3600000, 0xb3880000, 0xb6600000)
 total_blobs=769 nmethods=627 adapters=95 free_code_cache=47751680 largest_free_block=10624

Dynamic libraries:
08048000-08051000 r-xp 00000000 08:05 196255     /usr/lib/jvm/java-6-openjdk-i386/jre/bin/java
08051000-08052000 r--p 00008000 08:05 196255     /usr/lib/jvm/java-6-openjdk-i386/jre/bin/java
08052000-08053000 rw-p 00009000 08:05 196255     /usr/lib/jvm/java-6-openjdk-i386/jre/bin/java
08329000-08366000 rw-p 00000000 00:00 0          [heap]
74800000-74829000 rw-p 00000000 00:00 0 
74829000-74900000 ---p 00000000 00:00 0 
74a00000-74c00000 rw-p 00000000 00:00 0 
74c00000-74e00000 rw-p 00000000 00:00 0 
74e00000-74ef9000 rw-p 00000000 00:00 0 
74ef9000-74f00000 ---p 00000000 00:00 0 
74f00000-74ff9000 rw-p 00000000 00:00 0 
74ff9000-75000000 ---p 00000000 00:00 0 
75000000-751f9000 rw-p 00000000 00:00 0 
751f9000-75200000 ---p 00000000 00:00 0 
75200000-752f9000 rw-p 00000000 00:00 0 
752f9000-75300000 ---p 00000000 00:00 0 
75300000-753f9000 rw-p 00000000 00:00 0 
753f9000-75400000 ---p 00000000 00:00 0 
75400000-754f9000 rw-p 00000000 00:00 0 
754f9000-75500000 ---p 00000000 00:00 0 
75500000-755f9000 rw-p 00000000 00:00 0 
755f9000-75600000 ---p 00000000 00:00 0 
75600000-756f9000 rw-p 00000000 00:00 0 
756f9000-75700000 ---p 00000000 00:00 0 
75700000-757f9000 rw-p 00000000 00:00 0 
757f9000-75800000 ---p 00000000 00:00 0 
75800000-758f9000 rw-p 00000000 00:00 0 
758f9000-75900000 ---p 00000000 00:00 0 
75900000-759f9000 rw-p 00000000 00:00 0 
759f9000-75a00000 ---p 00000000 00:00 0 
75a00000-75af9000 rw-p 00000000 00:00 0 
75af9000-75b00000 ---p 00000000 00:00 0 
75b00000-75bf9000 rw-p 00000000 00:00 0 
75bf9000-75c00000 ---p 00000000 00:00 0 
75c00000-75cf9000 rw-p 00000000 00:00 0 
75cf9000-75d00000 ---p 00000000 00:00 0 
75d00000-75df9000 rw-p 00000000 00:00 0 
75df9000-75e00000 ---p 00000000 00:00 0 
75e00000-75ef9000 rw-p 00000000 00:00 0 
75ef9000-75f00000 ---p 00000000 00:00 0 
75f00000-75ff9000 rw-p 00000000 00:00 0 
75ff9000-76000000 ---p 00000000 00:00 0 
76000000-760f9000 rw-p 00000000 00:00 0 
760f9000-76100000 ---p 00000000 00:00 0 
76100000-761f9000 rw-p 00000000 00:00 0 
761f9000-76200000 ---p 00000000 00:00 0 
76200000-762f9000 rw-p 00000000 00:00 0 
762f9000-76300000 ---p 00000000 00:00 0 
76300000-763f9000 rw-p 00000000 00:00 0 
763f9000-76400000 ---p 00000000 00:00 0 
76400000-764f9000 rw-p 00000000 00:00 0 
764f9000-76500000 ---p 00000000 00:00 0 
76500000-765f9000 rw-p 00000000 00:00 0 
765f9000-76600000 ---p 00000000 00:00 0 
76600000-766f9000 rw-p 00000000 00:00 0 
766f9000-76700000 ---p 00000000 00:00 0 
76700000-767f9000 rw-p 00000000 00:00 0 
767f9000-76800000 ---p 00000000 00:00 0 
76800000-768f9000 rw-p 00000000 00:00 0 
768f9000-76900000 ---p 00000000 00:00 0 
76900000-769f9000 rw-p 00000000 00:00 0 
769f9000-76a00000 ---p 00000000 00:00 0 
76a00000-76af9000 rw-p 00000000 00:00 0 
76af9000-76b00000 ---p 00000000 00:00 0 
76b00000-76bf9000 rw-p 00000000 00:00 0 
76bf9000-76c00000 ---p 00000000 00:00 0 
76c00000-76cf9000 rw-p 00000000 00:00 0 
76cf9000-76d00000 ---p 00000000 00:00 0 
76d00000-76df9000 rw-p 00000000 00:00 0 
76df9000-76e00000 ---p 00000000 00:00 0 
76e00000-76ef9000 rw-p 00000000 00:00 0 
76ef9000-76f00000 ---p 00000000 00:00 0 
76f00000-76ff9000 rw-p 00000000 00:00 0 
76ff9000-77000000 ---p 00000000 00:00 0 
77000000-770f9000 rw-p 00000000 00:00 0 
770f9000-77100000 ---p 00000000 00:00 0 
77100000-771f9000 rw-p 00000000 00:00 0 
771f9000-77200000 ---p 00000000 00:00 0 
77200000-772f9000 rw-p 00000000 00:00 0 
772f9000-77300000 ---p 00000000 00:00 0 
77300000-773f9000 rw-p 00000000 00:00 0 
773f9000-77400000 ---p 00000000 00:00 0 
77400000-774f9000 rw-p 00000000 00:00 0 
774f9000-77500000 ---p 00000000 00:00 0 
77500000-775f9000 rw-p 00000000 00:00 0 
775f9000-77600000 ---p 00000000 00:00 0 
77600000-776f9000 rw-p 00000000 00:00 0 
776f9000-77700000 ---p 00000000 00:00 0 
77700000-777f9000 rw-p 00000000 00:00 0 
777f9000-77800000 ---p 00000000 00:00 0 
77800000-778f9000 rw-p 00000000 00:00 0 
778f9000-77900000 ---p 00000000 00:00 0 
77900000-779f9000 rw-p 00000000 00:00 0 
779f9000-77a00000 ---p 00000000 00:00 0 
77a00000-77af9000 rw-p 00000000 00:00 0 
77af9000-77b00000 ---p 00000000 00:00 0 
77b00000-77bf9000 rw-p 00000000 00:00 0 
77bf9000-77c00000 ---p 00000000 00:00 0 
77c00000-77cf9000 rw-p 00000000 00:00 0 
77cf9000-77d00000 ---p 00000000 00:00 0 
77d00000-77df9000 rw-p 00000000 00:00 0 
77df9000-77e00000 ---p 00000000 00:00 0 
77e00000-77ef9000 rw-p 00000000 00:00 0 
77ef9000-77f00000 ---p 00000000 00:00 0 
77f00000-77ff9000 rw-p 00000000 00:00 0 
77ff9000-78000000 ---p 00000000 00:00 0 
78000000-780f9000 rw-p 00000000 00:00 0 
780f9000-78100000 ---p 00000000 00:00 0 
78100000-781f9000 rw-p 00000000 00:00 0 
781f9000-78200000 ---p 00000000 00:00 0 
78200000-782f9000 rw-p 00000000 00:00 0 
782f9000-78300000 ---p 00000000 00:00 0 
78300000-783f9000 rw-p 00000000 00:00 0 
783f9000-78400000 ---p 00000000 00:00 0 
78400000-784f9000 rw-p 00000000 00:00 0 
784f9000-78500000 ---p 00000000 00:00 0 
78500000-785f9000 rw-p 00000000 00:00 0 
785f9000-78600000 ---p 00000000 00:00 0 
78600000-786f9000 rw-p 00000000 00:00 0 
786f9000-78700000 ---p 00000000 00:00 0 
78700000-787f9000 rw-p 00000000 00:00 0 
787f9000-78800000 ---p 00000000 00:00 0 
78800000-788f9000 rw-p 00000000 00:00 0 
788f9000-78900000 ---p 00000000 00:00 0 
78900000-789f9000 rw-p 00000000 00:00 0 
789f9000-78a00000 ---p 00000000 00:00 0 
78a00000-78af9000 rw-p 00000000 00:00 0 
78af9000-78b00000 ---p 00000000 00:00 0 
78b00000-78bf9000 rw-p 00000000 00:00 0 
78bf9000-78c00000 ---p 00000000 00:00 0 
78c00000-78cf9000 rw-p 00000000 00:00 0 
78cf9000-78d00000 ---p 00000000 00:00 0 
78d00000-78df9000 rw-p 00000000 00:00 0 
78df9000-78e00000 ---p 00000000 00:00 0 
78e00000-78ef8000 rw-p 00000000 00:00 0 
78ef8000-78f00000 ---p 00000000 00:00 0 
78f00000-78ff9000 rw-p 00000000 00:00 0 
78ff9000-79000000 ---p 00000000 00:00 0 
79000000-790f9000 rw-p 00000000 00:00 0 
790f9000-79100000 ---p 00000000 00:00 0 
79100000-791f9000 rw-p 00000000 00:00 0 
791f9000-79200000 ---p 00000000 00:00 0 
79200000-792f9000 rw-p 00000000 00:00 0 
792f9000-79300000 ---p 00000000 00:00 0 
79300000-793f9000 rw-p 00000000 00:00 0 
793f9000-79400000 ---p 00000000 00:00 0 
79400000-794f9000 rw-p 00000000 00:00 0 
794f9000-79500000 ---p 00000000 00:00 0 
79500000-795f9000 rw-p 00000000 00:00 0 
795f9000-79600000 ---p 00000000 00:00 0 
79600000-796f9000 rw-p 00000000 00:00 0 
796f9000-79700000 ---p 00000000 00:00 0 
79700000-797f9000 rw-p 00000000 00:00 0 
797f9000-79800000 ---p 00000000 00:00 0 
79800000-798f9000 rw-p 00000000 00:00 0 
798f9000-79900000 ---p 00000000 00:00 0 
79900000-799f9000 rw-p 00000000 00:00 0 
799f9000-79a00000 ---p 00000000 00:00 0 
79a00000-79af9000 rw-p 00000000 00:00 0 
79af9000-79b00000 ---p 00000000 00:00 0 
79b00000-79bee000 rw-p 00000000 00:00 0 
79bee000-79c00000 ---p 00000000 00:00 0 
79c00000-79cfe000 rw-p 00000000 00:00 0 
79cfe000-79d00000 ---p 00000000 00:00 0 
79d00000-79deb000 rw-p 00000000 00:00 0 
79deb000-79e00000 ---p 00000000 00:00 0 
79e00000-79ef4000 rw-p 00000000 00:00 0 
79ef4000-79f00000 ---p 00000000 00:00 0 
79f00000-79fec000 rw-p 00000000 00:00 0 
79fec000-7a000000 ---p 00000000 00:00 0 
7a000000-7a0e8000 rw-p 00000000 00:00 0 
7a0e8000-7a100000 ---p 00000000 00:00 0 
7a100000-7a1fe000 rw-p 00000000 00:00 0 
7a1fe000-7a200000 ---p 00000000 00:00 0 
7a200000-7a2f3000 rw-p 00000000 00:00 0 
7a2f3000-7a300000 ---p 00000000 00:00 0 
7a300000-7a3f9000 rw-p 00000000 00:00 0 
7a3f9000-7a400000 ---p 00000000 00:00 0 
7a400000-7a4f9000 rw-p 00000000 00:00 0 
7a4f9000-7a500000 ---p 00000000 00:00 0 
7a500000-7a5f9000 rw-p 00000000 00:00 0 
7a5f9000-7a600000 ---p 00000000 00:00 0 
7a600000-7a6f9000 rw-p 00000000 00:00 0 
7a6f9000-7a700000 ---p 00000000 00:00 0 
7a700000-7a7f2000 rw-p 00000000 00:00 0 
7a7f2000-7a800000 ---p 00000000 00:00 0 
7a800000-7a900000 rw-p 00000000 00:00 0 
7a900000-7aaff000 rw-p 00000000 00:00 0 
7aaff000-7ab00000 ---p 00000000 00:00 0 
7ab00000-7ad00000 rw-p 00000000 00:00 0 
7ad00000-7adf9000 rw-p 00000000 00:00 0 
7adf9000-7ae00000 ---p 00000000 00:00 0 
7ae00000-7af00000 rw-p 00000000 00:00 0 
7af00000-7aff9000 rw-p 00000000 00:00 0 
7aff9000-7b000000 ---p 00000000 00:00 0 
7b000000-7b0f9000 rw-p 00000000 00:00 0 
7b0f9000-7b100000 ---p 00000000 00:00 0 
7b100000-7b1f9000 rw-p 00000000 00:00 0 
7b1f9000-7b200000 ---p 00000000 00:00 0 
7b200000-7b2f9000 rw-p 00000000 00:00 0 
7b2f9000-7b300000 ---p 00000000 00:00 0 
7b300000-7b3f9000 rw-p 00000000 00:00 0 
7b3f9000-7b400000 ---p 00000000 00:00 0 
7b400000-7b4f9000 rw-p 00000000 00:00 0 
7b4f9000-7b500000 ---p 00000000 00:00 0 
7b500000-7b5f9000 rw-p 00000000 00:00 0 
7b5f9000-7b600000 ---p 00000000 00:00 0 
7b600000-7b6f9000 rw-p 00000000 00:00 0 
7b6f9000-7b700000 ---p 00000000 00:00 0 
7b700000-7b7f9000 rw-p 00000000 00:00 0 
7b7f9000-7b800000 ---p 00000000 00:00 0 
7b800000-7b8f9000 rw-p 00000000 00:00 0 
7b8f9000-7b900000 ---p 00000000 00:00 0 
7b900000-7b9f9000 rw-p 00000000 00:00 0 
7b9f9000-7ba00000 ---p 00000000 00:00 0 
7ba00000-7baf9000 rw-p 00000000 00:00 0 
7baf9000-7bb00000 ---p 00000000 00:00 0 
7bb00000-7bbf9000 rw-p 00000000 00:00 0 
7bbf9000-7bc00000 ---p 00000000 00:00 0 
7bc00000-7bcf9000 rw-p 00000000 00:00 0 
7bcf9000-7bd00000 ---p 00000000 00:00 0 
7bd00000-7bdf9000 rw-p 00000000 00:00 0 
7bdf9000-7be00000 ---p 00000000 00:00 0 
7be00000-7bef9000 rw-p 00000000 00:00 0 
7bef9000-7bf00000 ---p 00000000 00:00 0 
7bf00000-7bff9000 rw-p 00000000 00:00 0 
7bff9000-7c000000 ---p 00000000 00:00 0 
7c000000-7c0f9000 rw-p 00000000 00:00 0 
7c0f9000-7c100000 ---p 00000000 00:00 0 
7c100000-7c1f9000 rw-p 00000000 00:00 0 
7c1f9000-7c200000 ---p 00000000 00:00 0 
7c200000-7c2f9000 rw-p 00000000 00:00 0 
7c2f9000-7c300000 ---p 00000000 00:00 0 
7c300000-7c3f9000 rw-p 00000000 00:00 0 
7c3f9000-7c400000 ---p 00000000 00:00 0 
7c400000-7c4f9000 rw-p 00000000 00:00 0 
7c4f9000-7c500000 ---p 00000000 00:00 0 
7c500000-7c5f9000 rw-p 00000000 00:00 0 
7c5f9000-7c600000 ---p 00000000 00:00 0 
7c600000-7c6f9000 rw-p 00000000 00:00 0 
7c6f9000-7c700000 ---p 00000000 00:00 0 
7c700000-7c7f9000 rw-p 00000000 00:00 0 
7c7f9000-7c800000 ---p 00000000 00:00 0 
7c800000-7c8f9000 rw-p 00000000 00:00 0 
7c8f9000-7c900000 ---p 00000000 00:00 0 
7c900000-7c9f9000 rw-p 00000000 00:00 0 
7c9f9000-7ca00000 ---p 00000000 00:00 0 
7ca00000-7caf9000 rw-p 00000000 00:00 0 
7caf9000-7cb00000 ---p 00000000 00:00 0 
7cb00000-7cbf9000 rw-p 00000000 00:00 0 
7cbf9000-7cc00000 ---p 00000000 00:00 0 
7cc00000-7ccf9000 rw-p 00000000 00:00 0 
7ccf9000-7cd00000 ---p 00000000 00:00 0 
7cd00000-7cdf9000 rw-p 00000000 00:00 0 
7cdf9000-7ce00000 ---p 00000000 00:00 0 
7ce00000-7cef9000 rw-p 00000000 00:00 0 
7cef9000-7cf00000 ---p 00000000 00:00 0 
7cf00000-7cff9000 rw-p 00000000 00:00 0 
7cff9000-7d000000 ---p 00000000 00:00 0 
7d000000-7d0f9000 rw-p 00000000 00:00 0 
7d0f9000-7d100000 ---p 00000000 00:00 0 
7d100000-7d1f9000 rw-p 00000000 00:00 0 
7d1f9000-7d200000 ---p 00000000 00:00 0 
7d200000-7d2f9000 rw-p 00000000 00:00 0 
7d2f9000-7d300000 ---p 00000000 00:00 0 
7d300000-7d3f9000 rw-p 00000000 00:00 0 
7d3f9000-7d400000 ---p 00000000 00:00 0 
7d400000-7d4f9000 rw-p 00000000 00:00 0 
7d4f9000-7d500000 ---p 00000000 00:00 0 
7d600000-7d6f9000 rw-p 00000000 00:00 0 
7d6f9000-7d700000 ---p 00000000 00:00 0 
7d800000-7d8f9000 rw-p 00000000 00:00 0 
7d8f9000-7d900000 ---p 00000000 00:00 0 
7da00000-7daf9000 rw-p 00000000 00:00 0 
7daf9000-7db00000 ---p 00000000 00:00 0 
7db00000-7dbf9000 rw-p 00000000 00:00 0 
7dbf9000-7dc00000 ---p 00000000 00:00 0 
7dc00000-7dcf9000 rw-p 00000000 00:00 0 
7dcf9000-7dd00000 ---p 00000000 00:00 0 
7dd00000-7ddf9000 rw-p 00000000 00:00 0 
7ddf9000-7de00000 ---p 00000000 00:00 0 
7de00000-7def9000 rw-p 00000000 00:00 0 
7def9000-7df00000 ---p 00000000 00:00 0 
7df00000-7dff9000 rw-p 00000000 00:00 0 
7dff9000-7e000000 ---p 00000000 00:00 0 
7e000000-7e0f9000 rw-p 00000000 00:00 0 
7e0f9000-7e100000 ---p 00000000 00:00 0 
7e100000-7e1f9000 rw-p 00000000 00:00 0 
7e1f9000-7e200000 ---p 00000000 00:00 0 
7e200000-7e2ff000 rw-p 00000000 00:00 0 
7e2ff000-7e300000 ---p 00000000 00:00 0 
7e300000-7e3f9000 rw-p 00000000 00:00 0 
7e3f9000-7e400000 ---p 00000000 00:00 0 
7e400000-7e4f9000 rw-p 00000000 00:00 0 
7e4f9000-7e500000 ---p 00000000 00:00 0 
7e500000-7e5f9000 rw-p 00000000 00:00 0 
7e5f9000-7e600000 ---p 00000000 00:00 0 
7e600000-7e6f9000 rw-p 00000000 00:00 0 
7e6f9000-7e700000 ---p 00000000 00:00 0 
7e700000-7e7f9000 rw-p 00000000 00:00 0 
7e7f9000-7e800000 ---p 00000000 00:00 0 
7e800000-7e8f9000 rw-p 00000000 00:00 0 
7e8f9000-7e900000 ---p 00000000 00:00 0 
7e900000-7e9f9000 rw-p 00000000 00:00 0 
7e9f9000-7ea00000 ---p 00000000 00:00 0 
7ea00000-7eaf9000 rw-p 00000000 00:00 0 
7eaf9000-7eb00000 ---p 00000000 00:00 0 
7eb00000-7ebf9000 rw-p 00000000 00:00 0 
7ebf9000-7ec00000 ---p 00000000 00:00 0 
7ec00000-7ecf9000 rw-p 00000000 00:00 0 
7ecf9000-7ed00000 ---p 00000000 00:00 0 
7ed00000-7edf9000 rw-p 00000000 00:00 0 
7edf9000-7ee00000 ---p 00000000 00:00 0 
7ee00000-7eef9000 rw-p 00000000 00:00 0 
7eef9000-7ef00000 ---p 00000000 00:00 0 
7ef00000-7eff9000 rw-p 00000000 00:00 0 
7eff9000-7f000000 ---p 00000000 00:00 0 
7f000000-7f0f9000 rw-p 00000000 00:00 0 
7f0f9000-7f100000 ---p 00000000 00:00 0 
7f100000-7f1f9000 rw-p 00000000 00:00 0 
7f1f9000-7f200000 ---p 00000000 00:00 0 
7f200000-7f2f9000 rw-p 00000000 00:00 0 
7f2f9000-7f300000 ---p 00000000 00:00 0 
7f300000-7f3f9000 rw-p 00000000 00:00 0 
7f3f9000-7f400000 ---p 00000000 00:00 0 
7f400000-7f4f9000 rw-p 00000000 00:00 0 
7f4f9000-7f500000 ---p 00000000 00:00 0 
7f500000-7f5f9000 rw-p 00000000 00:00 0 
7f5f9000-7f600000 ---p 00000000 00:00 0 
7f600000-7f6f9000 rw-p 00000000 00:00 0 
7f6f9000-7f700000 ---p 00000000 00:00 0 
7f700000-7f7f9000 rw-p 00000000 00:00 0 
7f7f9000-7f800000 ---p 00000000 00:00 0 
7f800000-7f8f9000 rw-p 00000000 00:00 0 
7f8f9000-7f900000 ---p 00000000 00:00 0 
7f900000-7f9f9000 rw-p 00000000 00:00 0 
7f9f9000-7fa00000 ---p 00000000 00:00 0 
7fa00000-7faf9000 rw-p 00000000 00:00 0 
7faf9000-7fb00000 ---p 00000000 00:00 0 
7fb00000-7fbf9000 rw-p 00000000 00:00 0 
7fbf9000-7fc00000 ---p 00000000 00:00 0 
7fc00000-7fcf9000 rw-p 00000000 00:00 0 
7fcf9000-7fd00000 ---p 00000000 00:00 0 
7fd00000-7fe00000 rw-p 00000000 00:00 0 
7fe00000-7fef9000 rw-p 00000000 00:00 0 
7fef9000-7ff00000 ---p 00000000 00:00 0 
7ff00000-7fff9000 rw-p 00000000 00:00 0 
7fff9000-80000000 ---p 00000000 00:00 0 
80000000-800f9000 rw-p 00000000 00:00 0 
800f9000-80100000 ---p 00000000 00:00 0 
80100000-801f4000 rw-p 00000000 00:00 0 
801f4000-80200000 ---p 00000000 00:00 0 
80200000-802f9000 rw-p 00000000 00:00 0 
802f9000-80300000 ---p 00000000 00:00 0 
80300000-803f9000 rw-p 00000000 00:00 0 
803f9000-80400000 ---p 00000000 00:00 0 
80400000-804f9000 rw-p 00000000 00:00 0 
804f9000-80500000 ---p 00000000 00:00 0 
80500000-805f9000 rw-p 00000000 00:00 0 
805f9000-80600000 ---p 00000000 00:00 0 
80600000-806f9000 rw-p 00000000 00:00 0 
806f9000-80700000 ---p 00000000 00:00 0 
80700000-807f9000 rw-p 00000000 00:00 0 
807f9000-80800000 ---p 00000000 00:00 0 
80800000-808f9000 rw-p 00000000 00:00 0 
808f9000-80900000 ---p 00000000 00:00 0 
80900000-809f9000 rw-p 00000000 00:00 0 
809f9000-80a00000 ---p 00000000 00:00 0 
80a00000-80af9000 rw-p 00000000 00:00 0 
80af9000-80b00000 ---p 00000000 00:00 0 
80b00000-80bf9000 rw-p 00000000 00:00 0 
80bf9000-80c00000 ---p 00000000 00:00 0 
80c00000-80cf9000 rw-p 00000000 00:00 0 
80cf9000-80d00000 ---p 00000000 00:00 0 
80d00000-80df9000 rw-p 00000000 00:00 0 
80df9000-80e00000 ---p 00000000 00:00 0 
80e00000-80ef9000 rw-p 00000000 00:00 0 
80ef9000-80f00000 ---p 00000000 00:00 0 
80f00000-80ff9000 rw-p 00000000 00:00 0 
80ff9000-81000000 ---p 00000000 00:00 0 
81000000-810f9000 rw-p 00000000 00:00 0 
810f9000-81100000 ---p 00000000 00:00 0 
81100000-811f9000 rw-p 00000000 00:00 0 
811f9000-81200000 ---p 00000000 00:00 0 
81200000-812f9000 rw-p 00000000 00:00 0 
812f9000-81300000 ---p 00000000 00:00 0 
81300000-813f9000 rw-p 00000000 00:00 0 
813f9000-81400000 ---p 00000000 00:00 0 
81400000-814f9000 rw-p 00000000 00:00 0 
814f9000-81500000 ---p 00000000 00:00 0 
81500000-815f9000 rw-p 00000000 00:00 0 
815f9000-81600000 ---p 00000000 00:00 0 
81600000-816f9000 rw-p 00000000 00:00 0 
816f9000-81700000 ---p 00000000 00:00 0 
81700000-817f9000 rw-p 00000000 00:00 0 
817f9000-81800000 ---p 00000000 00:00 0 
81800000-818f9000 rw-p 00000000 00:00 0 
818f9000-81900000 ---p 00000000 00:00 0 
81900000-819f9000 rw-p 00000000 00:00 0 
819f9000-81a00000 ---p 00000000 00:00 0 
81a00000-81afa000 rw-p 00000000 00:00 0 
81afa000-81b00000 ---p 00000000 00:00 0 
81b00000-81bf9000 rw-p 00000000 00:00 0 
81bf9000-81c00000 ---p 00000000 00:00 0 
81c00000-81d00000 rw-p 00000000 00:00 0 
81d00000-81de8000 rw-p 00000000 00:00 0 
81de8000-81e00000 ---p 00000000 00:00 0 
81e00000-81ef9000 rw-p 00000000 00:00 0 
81ef9000-81f00000 ---p 00000000 00:00 0 
81f00000-81fe1000 rw-p 00000000 00:00 0 
81fe1000-82000000 ---p 00000000 00:00 0 
82000000-820fc000 rw-p 00000000 00:00 0 
820fc000-82100000 ---p 00000000 00:00 0 
82100000-821f9000 rw-p 00000000 00:00 0 
821f9000-82200000 ---p 00000000 00:00 0 
82200000-822fa000 rw-p 00000000 00:00 0 
822fa000-82300000 ---p 00000000 00:00 0 
82300000-823f8000 rw-p 00000000 00:00 0 
823f8000-82400000 ---p 00000000 00:00 0 
82400000-824f9000 rw-p 00000000 00:00 0 
824f9000-82500000 ---p 00000000 00:00 0 
82500000-825f9000 rw-p 00000000 00:00 0 
825f9000-82600000 ---p 00000000 00:00 0 
82600000-82700000 rw-p 00000000 00:00 0 
82700000-828ff000 rw-p 00000000 00:00 0 
828ff000-82900000 ---p 00000000 00:00 0 
82900000-82b00000 rw-p 00000000 00:00 0 
82b00000-82d00000 rw-p 00000000 00:00 0 
82d00000-82f00000 rw-p 00000000 00:00 0 
82f00000-83000000 rw-p 00000000 00:00 0 
83000000-830fa000 rw-p 00000000 00:00 0 
830fa000-83100000 ---p 00000000 00:00 0 
83100000-831f9000 rw-p 00000000 00:00 0 
831f9000-83200000 ---p 00000000 00:00 0 
83200000-83300000 rw-p 00000000 00:00 0 
83300000-833f9000 rw-p 00000000 00:00 0 
833f9000-83400000 ---p 00000000 00:00 0 
83400000-83500000 rw-p 00000000 00:00 0 
83500000-835fe000 rw-p 00000000 00:00 0 
835fe000-83600000 ---p 00000000 00:00 0 
83600000-83700000 rw-p 00000000 00:00 0 
83700000-83800000 rw-p 00000000 00:00 0 
83800000-838e8000 rw-p 00000000 00:00 0 
838e8000-83900000 ---p 00000000 00:00 0 
83900000-839fe000 rw-p 00000000 00:00 0 
839fe000-83a00000 ---p 00000000 00:00 0 
83a00000-83b00000 rw-p 00000000 00:00 0 
83b00000-83d00000 rw-p 00000000 00:00 0 
83d00000-83f00000 rw-p 00000000 00:00 0 
83f00000-84000000 rw-p 00000000 00:00 0 
84000000-84100000 rw-p 00000000 00:00 0 
84100000-84300000 rw-p 00000000 00:00 0 
84300000-84400000 rw-p 00000000 00:00 0 
84400000-84500000 rw-p 00000000 00:00 0 
84500000-845fd000 rw-p 00000000 00:00 0 
845fd000-84600000 ---p 00000000 00:00 0 
84600000-84700000 rw-p 00000000 00:00 0 
84700000-84900000 rw-p 00000000 00:00 0 
84900000-84b00000 rw-p 00000000 00:00 0 
84b00000-84ba0000 rw-p 00000000 00:00 0 
84ba0000-84c00000 ---p 00000000 00:00 0 
84c00000-84d00000 rw-p 00000000 00:00 0 
84d00000-84f00000 rw-p 00000000 00:00 0 
85000000-85100000 rw-p 00000000 00:00 0 
85100000-85200000 rw-p 00000000 00:00 0 
85200000-85300000 rw-p 00000000 00:00 0 
85300000-85400000 rw-p 00000000 00:00 0 
85400000-854e9000 rw-p 00000000 00:00 0 
854e9000-85500000 ---p 00000000 00:00 0 
85500000-85600000 rw-p 00000000 00:00 0 
85600000-85700000 rw-p 00000000 00:00 0 
85700000-85800000 rw-p 00000000 00:00 0 
85800000-858fc000 rw-p 00000000 00:00 0 
858fc000-85900000 ---p 00000000 00:00 0 
85900000-85a00000 rw-p 00000000 00:00 0 
85a00000-85af9000 rw-p 00000000 00:00 0 
85af9000-85b00000 ---p 00000000 00:00 0 
85b00000-85d00000 rw-p 00000000 00:00 0 
85d00000-85f00000 rw-p 00000000 00:00 0 
85f00000-86000000 rw-p 00000000 00:00 0 
86000000-860e5000 rw-p 00000000 00:00 0 
860e5000-86100000 ---p 00000000 00:00 0 
86100000-86200000 rw-p 00000000 00:00 0 
86200000-86300000 rw-p 00000000 00:00 0 
86300000-863f6000 rw-p 00000000 00:00 0 
863f6000-86400000 ---p 00000000 00:00 0 
86400000-864fd000 rw-p 00000000 00:00 0 
864fd000-86500000 ---p 00000000 00:00 0 
86500000-865fc000 rw-p 00000000 00:00 0 
865fc000-86600000 ---p 00000000 00:00 0 
86600000-86700000 rw-p 00000000 00:00 0 
86700000-86800000 rw-p 00000000 00:00 0 
86800000-86900000 rw-p 00000000 00:00 0 
86900000-86b00000 rw-p 00000000 00:00 0 
86b00000-86c00000 rw-p 00000000 00:00 0 
86c00000-86cf9000 rw-p 00000000 00:00 0 
86cf9000-86d00000 ---p 00000000 00:00 0 
86d00000-86e00000 rw-p 00000000 00:00 0 
86e00000-86f00000 rw-p 00000000 00:00 0 
86f00000-86ffd000 rw-p 00000000 00:00 0 
86ffd000-87000000 ---p 00000000 00:00 0 
87000000-87100000 rw-p 00000000 00:00 0 
87100000-87200000 rw-p 00000000 00:00 0 
87200000-87300000 rw-p 00000000 00:00 0 
87300000-87400000 rw-p 00000000 00:00 0 
87400000-87500000 rw-p 00000000 00:00 0 
87500000-87700000 rw-p 00000000 00:00 0 
87700000-87800000 rw-p 00000000 00:00 0 
87900000-879ff000 rw-p 00000000 00:00 0 
879ff000-87a00000 ---p 00000000 00:00 0 
87b00000-87b3a000 rw-p 00000000 00:00 0 
87b3a000-87c00000 ---p 00000000 00:00 0 
87d00000-87dff000 rw-p 00000000 00:00 0 
87dff000-87e00000 ---p 00000000 00:00 0 
87f00000-87fec000 rw-p 00000000 00:00 0 
87fec000-88000000 ---p 00000000 00:00 0 
88000000-88100000 rw-p 00000000 00:00 0 
88100000-881ff000 rw-p 00000000 00:00 0 
881ff000-88200000 ---p 00000000 00:00 0 
88200000-882ff000 rw-p 00000000 00:00 0 
882ff000-88300000 ---p 00000000 00:00 0 
88300000-883fb000 rw-p 00000000 00:00 0 
883fb000-88400000 ---p 00000000 00:00 0 
88500000-885ef000 rw-p 00000000 00:00 0 
885ef000-88600000 ---p 00000000 00:00 0 
88600000-886fc000 rw-p 00000000 00:00 0 
886fc000-88700000 ---p 00000000 00:00 0 
88700000-887ff000 rw-p 00000000 00:00 0 
887ff000-88800000 ---p 00000000 00:00 0 
88800000-888de000 rw-p 00000000 00:00 0 
888de000-88900000 ---p 00000000 00:00 0 
88900000-889fb000 rw-p 00000000 00:00 0 
889fb000-88a00000 ---p 00000000 00:00 0 
88a00000-88afc000 rw-p 00000000 00:00 0 
88afc000-88b00000 ---p 00000000 00:00 0 
88b00000-88bfd000 rw-p 00000000 00:00 0 
88bfd000-88c00000 ---p 00000000 00:00 0 
88c00000-88cfe000 rw-p 00000000 00:00 0 
88cfe000-88d00000 ---p 00000000 00:00 0 
88d00000-88df7000 rw-p 00000000 00:00 0 
88df7000-88e00000 ---p 00000000 00:00 0 
88e5e000-88e61000 ---p 00000000 00:00 0 
88e61000-88eaf000 rw-p 00000000 00:00 0 
88eaf000-88eb2000 ---p 00000000 00:00 0 
88eb2000-88f00000 rw-p 00000000 00:00 0 
8900d000-89010000 ---p 00000000 00:00 0 
89010000-8905e000 rw-p 00000000 00:00 0 
8905e000-89061000 ---p 00000000 00:00 0 
89061000-890af000 rw-p 00000000 00:00 0 
890af000-890b2000 ---p 00000000 00:00 0 
890b2000-89100000 rw-p 00000000 00:00 0 
891e1000-891e4000 ---p 00000000 00:00 0 
891e4000-89232000 rw-p 00000000 00:00 0 
89232000-89235000 ---p 00000000 00:00 0 
89235000-89283000 rw-p 00000000 00:00 0 
89283000-89286000 ---p 00000000 00:00 0 
89286000-892d4000 rw-p 00000000 00:00 0 
892d4000-8933d000 r--s 004c6000 08:05 2264995    /home/aivalis/workspace/Third/war/WEB-INF/lib/gwt-servlet.jar
8933d000-8938d000 r-xp 00000000 08:05 163878     /usr/lib/i386-linux-gnu/nss/libfreebl3.so
8938d000-8938e000 r--p 00050000 08:05 163878     /usr/lib/i386-linux-gnu/nss/libfreebl3.so
8938e000-8938f000 rw-p 00051000 08:05 163878     /usr/lib/i386-linux-gnu/nss/libfreebl3.so
8938f000-89393000 rw-p 00000000 00:00 0 
89393000-89435000 r-xp 00000000 08:05 1611888    /usr/lib/i386-linux-gnu/libsqlite3.so.0.8.6
89435000-89436000 r--p 000a2000 08:05 1611888    /usr/lib/i386-linux-gnu/libsqlite3.so.0.8.6
89436000-89437000 rw-p 000a3000 08:05 1611888    /usr/lib/i386-linux-gnu/libsqlite3.so.0.8.6
89437000-89438000 rw-p 00000000 00:00 0 
89438000-89478000 r-xp 00000000 08:05 163882     /usr/lib/i386-linux-gnu/nss/libsoftokn3.so
89478000-89479000 r--p 00040000 08:05 163882     /usr/lib/i386-linux-gnu/nss/libsoftokn3.so
89479000-8947a000 rw-p 00041000 08:05 163882     /usr/lib/i386-linux-gnu/nss/libsoftokn3.so
8947a000-894b4000 r-xp 00000000 08:05 155490     /usr/lib/i386-linux-gnu/libnspr4.so
894b4000-894b5000 r--p 00039000 08:05 155490     /usr/lib/i386-linux-gnu/libnspr4.so
894b5000-894b6000 rw-p 0003a000 08:05 155490     /usr/lib/i386-linux-gnu/libnspr4.so
894b6000-894b8000 rw-p 00000000 00:00 0 
894b8000-894d2000 r-xp 00000000 08:05 1611610    /usr/lib/i386-linux-gnu/libnssutil3.so
894d2000-894d5000 r--p 00019000 08:05 1611610    /usr/lib/i386-linux-gnu/libnssutil3.so
894d5000-894d6000 rw-p 0001c000 08:05 1611610    /usr/lib/i386-linux-gnu/libnssutil3.so
894d6000-895fb000 r-xp 00000000 08:05 1611614    /usr/lib/i386-linux-gnu/libnss3.so
895fb000-895fe000 r--p 00124000 08:05 1611614    /usr/lib/i386-linux-gnu/libnss3.so
895fe000-89600000 rw-p 00127000 08:05 1611614    /usr/lib/i386-linux-gnu/libnss3.so
89600000-896a8000 rw-p 00000000 00:00 0 
896a8000-89700000 ---p 00000000 00:00 0 
89719000-89721000 r-xp 00000000 08:05 1757850    /usr/lib/jvm/java-6-openjdk-i386/jre/lib/i386/libnio.so
89721000-89722000 r--p 00007000 08:05 1757850    /usr/lib/jvm/java-6-openjdk-i386/jre/lib/i386/libnio.so
89722000-89723000 rw-p 00008000 08:05 1757850    /usr/lib/jvm/java-6-openjdk-i386/jre/lib/i386/libnio.so
89723000-89732000 r-xp 00000000 08:05 1757846    /usr/lib/jvm/java-6-openjdk-i386/jre/lib/i386/libj2pkcs11.so
89732000-89733000 r--p 0000e000 08:05 1757846    /usr/lib/jvm/java-6-openjdk-i386/jre/lib/i386/libj2pkcs11.so
89733000-89734000 rw-p 0000f000 08:05 1757846    /usr/lib/jvm/java-6-openjdk-i386/jre/lib/i386/libj2pkcs11.so
89734000-89768000 r-xp 00000000 08:05 1757873    /usr/lib/jvm/java-6-openjdk-i386/jre/lib/i386/liblcms.so
89768000-89769000 r--p 00033000 08:05 1757873    /usr/lib/jvm/java-6-openjdk-i386/jre/lib/i386/liblcms.so
89769000-8976a000 rw-p 00034000 08:05 1757873    /usr/lib/jvm/java-6-openjdk-i386/jre/lib/i386/liblcms.so
8976a000-8976c000 rw-p 00000000 00:00 0 
8976c000-89771000 r-xp 00000000 08:05 155545     /usr/lib/i386-linux-gnu/libXdmcp.so.6.0.0
89771000-89772000 r--p 00004000 08:05 155545     /usr/lib/i386-linux-gnu/libXdmcp.so.6.0.0
89772000-89773000 rw-p 00005000 08:05 155545     /usr/lib/i386-linux-gnu/libXdmcp.so.6.0.0
89773000-89792000 r-xp 00000000 08:05 155548     /usr/lib/i386-linux-gnu/libxcb.so.1.1.0
89792000-89793000 r--p 0001f000 08:05 155548     /usr/lib/i386-linux-gnu/libxcb.so.1.1.0
89793000-89794000 rw-p 00020000 08:05 155548     /usr/lib/i386-linux-gnu/libxcb.so.1.1.0
89794000-897a2000 r-xp 00000000 08:05 1611314    /usr/lib/i386-linux-gnu/libXi.so.6.1.0
897a2000-897a3000 r--p 0000d000 08:05 1611314    /usr/lib/i386-linux-gnu/libXi.so.6.1.0
897a3000-897a4000 rw-p 0000e000 08:05 1611314    /usr/lib/i386-linux-gnu/libXi.so.6.1.0
897a4000-897a9000 r-xp 00000000 08:05 1611317    /usr/lib/i386-linux-gnu/libXtst.so.6.1.0
897a9000-897aa000 r--p 00004000 08:05 1611317    /usr/lib/i386-linux-gnu/libXtst.so.6.1.0
897aa000-897ab000 rw-p 00005000 08:05 1611317    /usr/lib/i386-linux-gnu/libXtst.so.6.1.0
897ab000-898db000 r-xp 00000000 08:05 155550     /usr/lib/i386-linux-gnu/libX11.so.6.3.0
898db000-898dc000 r--p 0012f000 08:05 155550     /usr/lib/i386-linux-gnu/libX11.so.6.3.0
898dc000-898de000 rw-p 00130000 08:05 155550     /usr/lib/i386-linux-gnu/libX11.so.6.3.0
898de000-898df000 rw-p 00000000 00:00 0 
898df000-898ef000 r-xp 00000000 08:05 1611311    /usr/lib/i386-linux-gnu/libXext.so.6.4.0
898ef000-898f0000 r--p 0000f000 08:05 1611311    /usr/lib/i386-linux-gnu/libXext.so.6.4.0
898f0000-898f1000 rw-p 00010000 08:05 1611311    /usr/lib/i386-linux-gnu/libXext.so.6.4.0
898f1000-8993d000 r-xp 00000000 08:05 222899     /usr/lib/jvm/java-6-openjdk-i386/jre/lib/i386/xawt/libmawt.so
8993d000-8993e000 r--p 0004b000 08:05 222899     /usr/lib/jvm/java-6-openjdk-i386/jre/lib/i386/xawt/libmawt.so
8993e000-89940000 rw-p 0004c000 08:05 222899     /usr/lib/jvm/java-6-openjdk-i386/jre/lib/i386/xawt/libmawt.so
89940000-89941000 rw-p 00000000 00:00 0 
89941000-899d4000 r-xp 00000000 08:05 1757848    /usr/lib/jvm/java-6-openjdk-i386/jre/lib/i386/libawt.so
899d4000-899d5000 r--p 00092000 08:05 1757848    /usr/lib/jvm/java-6-openjdk-i386/jre/lib/i386/libawt.so
899d5000-899dc000 rw-p 00093000 08:05 1757848    /usr/lib/jvm/java-6-openjdk-i386/jre/lib/i386/libawt.so
899dc000-89a00000 rw-p 00000000 00:00 0 
89a00000-89ade000 rw-p 00000000 00:00 0 
89ade000-89b00000 ---p 00000000 00:00 0 
89b00000-89b02000 r-xp 00000000 08:05 155542     /usr/lib/i386-linux-gnu/libXau.so.6.0.0
89b02000-89b03000 r--p 00001000 08:05 155542     /usr/lib/i386-linux-gnu/libXau.so.6.0.0
89b03000-89b04000 rw-p 00002000 08:05 155542     /usr/lib/i386-linux-gnu/libXau.so.6.0.0
89b04000-89b07000 ---p 00000000 00:00 0 
89b07000-89b55000 rw-p 00000000 00:00 0 
89b55000-89b58000 ---p 00000000 00:00 0 
89b58000-89ba6000 rw-p 00000000 00:00 0 
89ba6000-89ba9000 ---p 00000000 00:00 0 
89ba9000-89bf7000 rw-p 00000000 00:00 0 
89bf7000-89bfa000 ---p 00000000 00:00 0 
89bfa000-89c48000 rw-p 00000000 00:00 0 
89c48000-89c4b000 ---p 00000000 00:00 0 
89c4b000-89c99000 rw-p 00000000 00:00 0 
89c99000-89c9c000 ---p 00000000 00:00 0 
89c9c000-89cea000 rw-p 00000000 00:00 0 
89cea000-89ced000 ---p 00000000 00:00 0 
89ced000-89d3b000 rw-p 00000000 00:00 0 
89d3b000-89d3e000 ---p 00000000 00:00 0 
89d3e000-89d8c000 rw-p 00000000 00:00 0 
89d8c000-89f00000 r--s 0198d000 08:05 1643942    /home/aivalis/myPrograms/eclipse/plugins/com.google.gwt.eclipse.sdkbundle_2.4.0.v201205091048-rel-r37/gwt-2.4.0/gwt-dev.jar
89f00000-89ff6000 rw-p 00000000 00:00 0 
89ff6000-8a000000 ---p 00000000 00:00 0 
8a000000-8a0fe000 rw-p 00000000 00:00 0 
8a0fe000-8a100000 ---p 00000000 00:00 0 
8a100000-8a1f7000 rw-p 00000000 00:00 0 
8a1f7000-8a200000 ---p 00000000 00:00 0 
8a200000-8a213000 r-xp 00000000 08:05 506945     /lib/i386-linux-gnu/libresolv-2.15.so
8a213000-8a214000 ---p 00013000 08:05 506945     /lib/i386-linux-gnu/libresolv-2.15.so
8a214000-8a215000 r--p 00013000 08:05 506945     /lib/i386-linux-gnu/libresolv-2.15.so
8a215000-8a216000 rw-p 00014000 08:05 506945     /lib/i386-linux-gnu/libresolv-2.15.so
8a216000-8a218000 rw-p 00000000 00:00 0 
8a218000-8a2fe000 r--s 00b59000 08:05 1643948    /home/aivalis/myPrograms/eclipse/plugins/com.google.gwt.eclipse.sdkbundle_2.4.0.v201205091048-rel-r37/gwt-2.4.0/gwt-user.jar
8a2fe000-8a2ff000 ---p 00000000 00:00 0 
8a2ff000-8a37f000 rw-p 00000000 00:00 0 
8a37f000-8a382000 ---p 00000000 00:00 0 
8a382000-8a400000 rw-p 00000000 00:00 0 
8a400000-8a600000 r--p 00000000 08:05 1848092    /usr/lib/locale/locale-archive
8a600000-8a651000 rw-p 00000000 00:00 0 
8a651000-8a700000 ---p 00000000 00:00 0 
8a701000-8a709000 r-xp 00000000 08:05 1610938    /usr/lib/i386-linux-gnu/libXrender.so.1.3.0
8a709000-8a70a000 r--p 00007000 08:05 1610938    /usr/lib/i386-linux-gnu/libXrender.so.1.3.0
8a70a000-8a70b000 rw-p 00008000 08:05 1610938    /usr/lib/i386-linux-gnu/libXrender.so.1.3.0
8a70b000-8a710000 r-xp 00000000 08:05 506935     /lib/i386-linux-gnu/libnss_dns-2.15.so
8a710000-8a711000 r--p 00004000 08:05 506935     /lib/i386-linux-gnu/libnss_dns-2.15.so
8a711000-8a712000 rw-p 00005000 08:05 506935     /lib/i386-linux-gnu/libnss_dns-2.15.so
8a715000-8a718000 r-xp 00000000 08:05 155617     /usr/lib/i386-linux-gnu/libplds4.so
8a718000-8a719000 r--p 00002000 08:05 155617     /usr/lib/i386-linux-gnu/libplds4.so
8a719000-8a71a000 rw-p 00003000 08:05 155617     /usr/lib/i386-linux-gnu/libplds4.so
8a71a000-8a71e000 r-xp 00000000 08:05 155557     /usr/lib/i386-linux-gnu/libplc4.so
8a71e000-8a71f000 r--p 00003000 08:05 155557     /usr/lib/i386-linux-gnu/libplc4.so
8a71f000-8a720000 rw-p 00004000 08:05 155557     /usr/lib/i386-linux-gnu/libplc4.so
8a720000-8a722000 r--s 00013000 08:05 1831432    /usr/lib/jvm/java-6-openjdk-common/jre/lib/jce.jar
8a722000-8a72c000 r-xp 00000000 08:05 1757872    /usr/lib/jvm/java-6-openjdk-i386/jre/lib/i386/libjpeg.so
8a72c000-8a72d000 r--p 00009000 08:05 1757872    /usr/lib/jvm/java-6-openjdk-i386/jre/lib/i386/libjpeg.so
8a72d000-8a72e000 rw-p 0000a000 08:05 1757872    /usr/lib/jvm/java-6-openjdk-i386/jre/lib/i386/libjpeg.so
8a72e000-8a731000 ---p 00000000 00:00 0 
8a731000-8a77f000 rw-p 00000000 00:00 0 
8a77f000-8a782000 ---p 00000000 00:00 0 
8a782000-8a800000 rw-p 00000000 00:00 0 
8a800000-8a8f9000 rw-p 00000000 00:00 0 
8a8f9000-8a900000 ---p 00000000 00:00 0 
8a901000-8a908000 r--s 000fb000 08:05 1831441    /usr/lib/jvm/java-6-openjdk-common/jre/lib/resources.jar
8a908000-8a90f000 r--s 0004c000 08:05 2265006    /home/aivalis/workspace/Third/war/WEB-INF/lib/org.moxieapps.gwt.highcharts-1.4.0.jar
8a90f000-8a918000 r--s 0005b000 08:05 2265023    /home/aivalis/workspace/Third/war/WEB-INF/lib/gflot-2.4.3.jar
8a918000-8a91b000 ---p 00000000 00:00 0 
8a91b000-8a969000 rw-p 00000000 00:00 0 
8a969000-8a96c000 ---p 00000000 00:00 0 
8a96c000-8a9ba000 rw-p 00000000 00:00 0 
8a9ba000-8a9bb000 ---p 00000000 00:00 0 
8a9bb000-8aa6e000 rw-p 00000000 00:00 0 
8aa6e000-8ac00000 r--s 037bf000 08:05 1749668    /usr/lib/jvm/java-6-openjdk-i386/jre/lib/rt.jar
8ac00000-8acfd000 rw-p 00000000 00:00 0 
8acfd000-8ad00000 ---p 00000000 00:00 0 
8ad01000-8ad03000 r-xp 00000000 08:05 175857     /lib/libnss_mdns4_minimal.so.2
8ad03000-8ad04000 r--p 00001000 08:05 175857     /lib/libnss_mdns4_minimal.so.2
8ad04000-8ad05000 rw-p 00002000 08:05 175857     /lib/libnss_mdns4_minimal.so.2
8ad05000-8ad08000 r--s 0007d000 08:05 1831431    /usr/lib/jvm/java-6-openjdk-common/jre/lib/jsse.jar
8ad08000-8ad17000 r--s 00076000 08:05 351573     /home/aivalis/workspace/Third/war/WEB-INF/lib/joda-time-1.6.2.jar
8ad17000-8ad2c000 r-xp 00000000 08:05 1758044    /usr/lib/jvm/java-6-openjdk-i386/jre/lib/i386/libnet.so
8ad2c000-8ad2d000 r--p 00014000 08:05 1758044    /usr/lib/jvm/java-6-openjdk-i386/jre/lib/i386/libnet.so
8ad2d000-8ad2e000 rw-p 00015000 08:05 1758044    /usr/lib/jvm/java-6-openjdk-i386/jre/lib/i386/libnet.so
8ad2e000-8ad31000 ---p 00000000 00:00 0 
8ad31000-8ad7f000 rw-p 00000000 00:00 0 
8ad7f000-8ad80000 ---p 00000000 00:00 0 
8ad80000-8ae00000 rw-p 00000000 00:00 0 
8ae00000-8ae30000 rw-p 00000000 00:00 0 
8ae30000-8af00000 ---p 00000000 00:00 0 
8af00000-8b000000 rw-p 00000000 00:00 0 
8b000000-8b02e000 rw-p 00000000 00:00 0 
8b02e000-8b031000 ---p 00000000 00:00 0 
8b031000-8b07f000 rw-p 00000000 00:00 0 
8b07f000-8b080000 ---p 00000000 00:00 0 
8b080000-8b100000 rw-p 00000000 00:00 0 
8b100000-8b186000 rw-p 00000000 00:00 0 
8b186000-8b200000 ---p 00000000 00:00 0 
8b200000-8b205000 r--s 0001f000 08:05 2265047    /home/aivalis/workspace/Third/war/WEB-INF/lib/gwt-visualization.jar
8b205000-8b20a000 r--s 0006c000 08:05 2265028    /home/aivalis/workspace/Third/war/WEB-INF/lib/mysql-connector-java-3.1.14-bin.jar
8b20a000-8b20d000 r--s 00009000 08:05 1644007    /home/aivalis/myPrograms/eclipse/plugins/com.google.gwt.eclipse.sdkbundle_2.4.0.v201205091048-rel-r37/gwt-2.4.0/validation-api-1.0.0.GA.jar
8b20d000-8b20f000 r--s 0000e000 08:05 1644006    /home/aivalis/myPrograms/eclipse/plugins/com.google.gwt.eclipse.sdkbundle_2.4.0.v201205091048-rel-r37/gwt-2.4.0/validation-api-1.0.0.GA-sources.jar
8b20f000-8b212000 r--s 00031000 08:05 614899     /usr/lib/jvm/java-6-openjdk-common/jre/lib/ext/sunjce_provider.jar
8b212000-8b213000 ---p 00000000 00:00 0 
8b213000-8b293000 rw-p 00000000 00:00 0 
8b293000-8b294000 ---p 00000000 00:00 0 
8b294000-8b324000 rw-p 00000000 00:00 0 
8b324000-8b354000 rw-p 00000000 00:00 0 
8b354000-8b383000 rw-p 00000000 00:00 0 
8b383000-8b3ff000 rw-p 00000000 00:00 0 
8b3ff000-8b40f000 rw-p 00000000 00:00 0 
8b40f000-8b43f000 rw-p 00000000 00:00 0 
8b43f000-8b46e000 rw-p 00000000 00:00 0 
8b46e000-8b4e9000 rw-p 00000000 00:00 0 
8b4e9000-8b53f000 rw-p 00000000 00:00 0 
8b53f000-8d400000 rw-p 00000000 00:00 0 
8d400000-93540000 rw-p 00000000 00:00 0 
93540000-992b0000 rw-p 00000000 00:00 0 
992b0000-a8aa0000 rw-p 00000000 00:00 0 
a8aa0000-b3540000 rw-p 00000000 00:00 0 
b3540000-b354a000 rw-p 00000000 00:00 0 
b354a000-b3600000 rw-p 00000000 00:00 0 
b3600000-b3880000 rwxp 00000000 00:00 0 
b3880000-b6700000 rw-p 00000000 00:00 0 
b6701000-b670c000 r-xp 00000000 08:05 506936     /lib/i386-linux-gnu/libnss_files-2.15.so
b670c000-b670d000 r--p 0000a000 08:05 506936     /lib/i386-linux-gnu/libnss_files-2.15.so
b670d000-b670e000 rw-p 0000b000 08:05 506936     /lib/i386-linux-gnu/libnss_files-2.15.so
b670e000-b6718000 r-xp 00000000 08:05 506941     /lib/i386-linux-gnu/libnss_nis-2.15.so
b6718000-b6719000 r--p 00009000 08:05 506941     /lib/i386-linux-gnu/libnss_nis-2.15.so
b6719000-b671a000 rw-p 0000a000 08:05 506941     /lib/i386-linux-gnu/libnss_nis-2.15.so
b671a000-b6730000 r-xp 00000000 08:05 506933     /lib/i386-linux-gnu/libnsl-2.15.so
b6730000-b6731000 r--p 00015000 08:05 506933     /lib/i386-linux-gnu/libnsl-2.15.so
b6731000-b6732000 rw-p 00016000 08:05 506933     /lib/i386-linux-gnu/libnsl-2.15.so
b6732000-b6734000 rw-p 00000000 00:00 0 
b6734000-b6735000 r--s 00007000 08:05 351575     /home/aivalis/workspace/Third/war/WEB-INF/lib/json.jar
b6735000-b6737000 r--s 00001000 08:05 614900     /usr/lib/jvm/java-6-openjdk-common/jre/lib/ext/dnsns.jar
b6737000-b6738000 r--s 00007000 08:05 229282     /usr/share/java/java-atk-wrapper.jar
b6738000-b673b000 r--s 00077000 08:05 613516     /usr/lib/jvm/java-6-openjdk-common/jre/lib/ext/localedata.jar
b673b000-b673f000 r--s 00038000 08:05 613514     /usr/lib/jvm/java-6-openjdk-common/jre/lib/ext/sunpkcs11.jar
b673f000-b6746000 r-xp 00000000 08:05 1757851    /usr/lib/jvm/java-6-openjdk-i386/jre/lib/i386/libzip.so
b6746000-b6747000 r--p 00006000 08:05 1757851    /usr/lib/jvm/java-6-openjdk-i386/jre/lib/i386/libzip.so
b6747000-b6748000 rw-p 00007000 08:05 1757851    /usr/lib/jvm/java-6-openjdk-i386/jre/lib/i386/libzip.so
b6748000-b6750000 rw-s 00000000 08:05 550751     /tmp/hsperfdata_aivalis/27327
b6750000-b6776000 r-xp 00000000 08:05 1757844    /usr/lib/jvm/java-6-openjdk-i386/jre/lib/i386/libjava.so
b6776000-b6777000 r--p 00025000 08:05 1757844    /usr/lib/jvm/java-6-openjdk-i386/jre/lib/i386/libjava.so
b6777000-b6779000 rw-p 00026000 08:05 1757844    /usr/lib/jvm/java-6-openjdk-i386/jre/lib/i386/libjava.so
b6779000-b6780000 r-xp 00000000 08:05 506954     /lib/i386-linux-gnu/librt-2.15.so
b6780000-b6781000 r--p 00006000 08:05 506954     /lib/i386-linux-gnu/librt-2.15.so
b6781000-b6782000 rw-p 00007000 08:05 506954     /lib/i386-linux-gnu/librt-2.15.so
b6782000-b6785000 ---p 00000000 00:00 0 
b6785000-b67d3000 rw-p 00000000 00:00 0 
b67d3000-b67ef000 r-xp 00000000 08:05 462053     /lib/i386-linux-gnu/libgcc_s.so.1
b67ef000-b67f0000 r--p 0001b000 08:05 462053     /lib/i386-linux-gnu/libgcc_s.so.1
b67f0000-b67f1000 rw-p 0001c000 08:05 462053     /lib/i386-linux-gnu/libgcc_s.so.1
b67f1000-b681b000 r-xp 00000000 08:05 506931     /lib/i386-linux-gnu/libm-2.15.so
b681b000-b681c000 r--p 00029000 08:05 506931     /lib/i386-linux-gnu/libm-2.15.so
b681c000-b681d000 rw-p 0002a000 08:05 506931     /lib/i386-linux-gnu/libm-2.15.so
b681d000-b68f5000 r-xp 00000000 08:05 156299     /usr/lib/i386-linux-gnu/libstdc++.so.6.0.16
b68f5000-b68f6000 ---p 000d8000 08:05 156299     /usr/lib/i386-linux-gnu/libstdc++.so.6.0.16
b68f6000-b68fa000 r--p 000d8000 08:05 156299     /usr/lib/i386-linux-gnu/libstdc++.so.6.0.16
b68fa000-b68fb000 rw-p 000dc000 08:05 156299     /usr/lib/i386-linux-gnu/libstdc++.so.6.0.16
b68fb000-b6902000 rw-p 00000000 00:00 0 
b6902000-b7120000 r-xp 00000000 08:05 1970500    /usr/lib/jvm/java-6-openjdk-i386/jre/lib/i386/server/libjvm.so
b7120000-b7165000 r--p 0081e000 08:05 1970500    /usr/lib/jvm/java-6-openjdk-i386/jre/lib/i386/server/libjvm.so
b7165000-b7174000 rw-p 00863000 08:05 1970500    /usr/lib/jvm/java-6-openjdk-i386/jre/lib/i386/server/libjvm.so
b7174000-b7590000 rw-p 00000000 00:00 0 
b7590000-b75a4000 r-xp 00000000 08:05 705466     /lib/i386-linux-gnu/libz.so.1.2.3.4
b75a4000-b75a5000 r--p 00013000 08:05 705466     /lib/i386-linux-gnu/libz.so.1.2.3.4
b75a5000-b75a6000 rw-p 00014000 08:05 705466     /lib/i386-linux-gnu/libz.so.1.2.3.4
b75a6000-b7745000 r-xp 00000000 08:05 506927     /lib/i386-linux-gnu/libc-2.15.so
b7745000-b7747000 r--p 0019f000 08:05 506927     /lib/i386-linux-gnu/libc-2.15.so
b7747000-b7748000 rw-p 001a1000 08:05 506927     /lib/i386-linux-gnu/libc-2.15.so
b7748000-b774b000 rw-p 00000000 00:00 0 
b774b000-b774e000 r-xp 00000000 08:05 506930     /lib/i386-linux-gnu/libdl-2.15.so
b774e000-b774f000 r--p 00002000 08:05 506930     /lib/i386-linux-gnu/libdl-2.15.so
b774f000-b7750000 rw-p 00003000 08:05 506930     /lib/i386-linux-gnu/libdl-2.15.so
b7750000-b7754000 r-xp 00000000 08:05 1956661    /usr/lib/jvm/java-6-openjdk-i386/jre/lib/i386/jli/libjli.so
b7754000-b7755000 r--p 00003000 08:05 1956661    /usr/lib/jvm/java-6-openjdk-i386/jre/lib/i386/jli/libjli.so
b7755000-b7756000 rw-p 00004000 08:05 1956661    /usr/lib/jvm/java-6-openjdk-i386/jre/lib/i386/jli/libjli.so
b7756000-b776d000 r-xp 00000000 08:05 506944     /lib/i386-linux-gnu/libpthread-2.15.so
b776d000-b776e000 r--p 00016000 08:05 506944     /lib/i386-linux-gnu/libpthread-2.15.so
b776e000-b776f000 rw-p 00017000 08:05 506944     /lib/i386-linux-gnu/libpthread-2.15.so
b776f000-b7772000 rw-p 00000000 00:00 0 
b7772000-b7774000 r--s 0000f000 08:05 614917     /usr/lib/jvm/java-6-openjdk-common/jre/lib/ext/pulse-java.jar
b7774000-b7775000 r--p 002c5000 08:05 1848092    /usr/lib/locale/locale-archive
b7775000-b777c000 r-xp 00000000 08:05 506934     /lib/i386-linux-gnu/libnss_compat-2.15.so
b777c000-b777d000 r--p 00006000 08:05 506934     /lib/i386-linux-gnu/libnss_compat-2.15.so
b777d000-b777e000 rw-p 00007000 08:05 506934     /lib/i386-linux-gnu/libnss_compat-2.15.so
b777e000-b777f000 rw-p 00000000 00:00 0 
b777f000-b7780000 r--p 00000000 00:00 0 
b7780000-b778b000 r-xp 00000000 08:05 1758036    /usr/lib/jvm/java-6-openjdk-i386/jre/lib/i386/libverify.so
b778b000-b778c000 ---p 0000b000 08:05 1758036    /usr/lib/jvm/java-6-openjdk-i386/jre/lib/i386/libverify.so
b778c000-b778d000 r--p 0000b000 08:05 1758036    /usr/lib/jvm/java-6-openjdk-i386/jre/lib/i386/libverify.so
b778d000-b778e000 rw-p 0000c000 08:05 1758036    /usr/lib/jvm/java-6-openjdk-i386/jre/lib/i386/libverify.so
b778e000-b7790000 rw-p 00000000 00:00 0 
b7790000-b7791000 r-xp 00000000 00:00 0          [vdso]
b7791000-b77b1000 r-xp 00000000 08:05 506916     /lib/i386-linux-gnu/ld-2.15.so
b77b1000-b77b2000 r--p 0001f000 08:05 506916     /lib/i386-linux-gnu/ld-2.15.so
b77b2000-b77b3000 rw-p 00020000 08:05 506916     /lib/i386-linux-gnu/ld-2.15.so
bfb29000-bfb4a000 rw-p 00000000 00:00 0          [stack]

VM Arguments:
jvm_args: -Xmx512m -Dfile.encoding=UTF-8 
java_command: com.google.gwt.dev.DevMode -remoteUI 45301:30852025806323 -startupUrl Third.html -logLevel INFO -codeServerPort 9997 -port 8888 -war /home/aivalis/workspace/Third/war com.Third
Launcher Type: SUN_STANDARD

Environment Variables:
PATH=/usr/lib/lightdm/lightdm:/usr/local/sbin:/usr/local/bin:/usr/sbin:/usr/bin:/sbin:/bin:/usr/games
LD_LIBRARY_PATH=/usr/lib/jvm/java-6-openjdk-i386/jre/lib/i386/server:/usr/lib/jvm/java-6-openjdk-i386/jre/lib/i386:/usr/lib/jvm/java-6-openjdk-i386/jre/../lib/i386:/usr/lib/jvm/java-7-oracle/jre/lib/i386/client:/usr/lib/jvm/java-7-oracle/jre/lib/i386:
SHELL=/bin/bash
DISPLAY=:0.0

Signal Handlers:
SIGSEGV: [libjvm.so+0x66a270], sa_mask[0]=0x7ffbfeff, sa_flags=0x10000004
SIGBUS: [libjvm.so+0x66a270], sa_mask[0]=0x7ffbfeff, sa_flags=0x10000004
SIGFPE: [libjvm.so+0x52e160], sa_mask[0]=0x7ffbfeff, sa_flags=0x10000004
SIGPIPE: SIG_IGN, sa_mask[0]=0x00000000, sa_flags=0x00000000
SIGXFSZ: [libjvm.so+0x52e160], sa_mask[0]=0x7ffbfeff, sa_flags=0x10000004
SIGILL: [libjvm.so+0x52e160], sa_mask[0]=0x7ffbfeff, sa_flags=0x10000004
SIGUSR1: SIG_DFL, sa_mask[0]=0x00000000, sa_flags=0x00000000
SIGUSR2: [libjvm.so+0x52dff0], sa_mask[0]=0x00000004, sa_flags=0x10000004
SIGHUP: [libjvm.so+0x531090], sa_mask[0]=0x7ffbfeff, sa_flags=0x10000004
SIGINT: [libjvm.so+0x531090], sa_mask[0]=0x7ffbfeff, sa_flags=0x10000004
SIGTERM: [libjvm.so+0x531090], sa_mask[0]=0x7ffbfeff, sa_flags=0x10000004
SIGQUIT: [libjvm.so+0x531090], sa_mask[0]=0x7ffbfeff, sa_flags=0x10000004


---------------  S Y S T E M  ---------------

OS:Ubuntu 12.04 (precise)
uname:Linux 3.2.0-31-generic-pae #50-Ubuntu SMP Fri Sep 7 16:39:45 UTC 2012 i686
libc:glibc 2.15 NPTL 2.15 
rlimit: STACK 8192k, CORE 0k, NPROC 32106, NOFILE 4096, AS infinity
load average:11.61 4.66 2.34

/proc/meminfo:
MemTotal:        4124244 kB
MemFree:          161932 kB
Buffers:            1188 kB
Cached:            77704 kB
SwapCached:            0 kB
Active:          3560148 kB
Inactive:          53120 kB
Active(anon):    3537968 kB
Inactive(anon):    24988 kB
Active(file):      22180 kB
Inactive(file):    28132 kB
Unevictable:         248 kB
Mlocked:             248 kB
HighTotal:       3280392 kB
HighFree:            276 kB
LowTotal:         843852 kB
LowFree:          161656 kB
SwapTotal:             0 kB
SwapFree:              0 kB
Dirty:                40 kB
Writeback:             0 kB
AnonPages:       3535200 kB
Mapped:           118872 kB
Shmem:             28008 kB
Slab:              53588 kB
SReclaimable:      14136 kB
SUnreclaim:        39452 kB
KernelStack:        6648 kB
PageTables:        29068 kB
NFS_Unstable:          0 kB
Bounce:              464 kB
WritebackTmp:          0 kB
CommitLimit:     2062120 kB
Committed_AS:    8341244 kB
VmallocTotal:     122880 kB
VmallocUsed:       23956 kB
VmallocChunk:      97048 kB
HardwareCorrupted:     0 kB
AnonHugePages:         0 kB
HugePages_Total:       0
HugePages_Free:        0
HugePages_Rsvd:        0
HugePages_Surp:        0
Hugepagesize:       2048 kB
DirectMap4k:      299000 kB
DirectMap2M:      614400 kB


CPU:total 4 (4 cores per cpu, 1 threads per core) family 6 model 23 stepping 10, cmov, cx8, fxsr, mmx, sse, sse2, sse3, ssse3, sse4.1

Memory: 4k page, physical 4124244k(161932k free), swap 0k(0k free)

vm_info: OpenJDK Server VM (20.0-b12) for linux-x86 JRE (1.6.0_24-b24), built on Sep  1 2012 19:13:49 by "buildd" with gcc 4.6.3

time: Sat Sep 29 00:24:18 2012
elapsed time: 75 seconds

